2025-12-23T08:18:12.023047Z  INFO ThreadId(01) rust_switcher: src\main.rs:55: tracing initialized
2025-12-23T08:18:12.027401Z  INFO ThreadId(01) on_command: rust_switcher::win::commands: src\win\commands.rs:11: enter
2025-12-23T08:18:12.027463Z  INFO ThreadId(01) on_command{[3mmsg[0m[2m=[0m"WM_COMMAND" [3mmsg[0m[2m=[0m"WM_COMMAND" [3mid[0m[2m=[0m1003 [3mid[0m[2m=[0m1003 [3mnotif[0m[2m=[0m1024 [3mnotif[0m[2m=[0m1024}: rust_switcher::win::commands: src\win\commands.rs:11: exit
2025-12-23T08:18:12.027490Z  INFO ThreadId(01) on_command: rust_switcher::win::commands: src\win\commands.rs:11: enter
2025-12-23T08:18:12.027521Z  INFO ThreadId(01) on_command{[3mmsg[0m[2m=[0m"WM_COMMAND" [3mmsg[0m[2m=[0m"WM_COMMAND" [3mid[0m[2m=[0m1003 [3mid[0m[2m=[0m1003 [3mnotif[0m[2m=[0m768 [3mnotif[0m[2m=[0m768}: rust_switcher::win::commands: src\win\commands.rs:11: exit
2025-12-23T08:18:12.031411Z  INFO ThreadId(01) on_command: rust_switcher::win::commands: src\win\commands.rs:11: enter
2025-12-23T08:18:12.031457Z  INFO ThreadId(01) on_command{[3mmsg[0m[2m=[0m"WM_COMMAND" [3mmsg[0m[2m=[0m"WM_COMMAND" [3mid[0m[2m=[0m1003 [3mid[0m[2m=[0m1003 [3mnotif[0m[2m=[0m1024 [3mnotif[0m[2m=[0m1024}: rust_switcher::win::commands: src\win\commands.rs:11: exit
2025-12-23T08:18:12.031477Z  INFO ThreadId(01) on_command: rust_switcher::win::commands: src\win\commands.rs:11: enter
2025-12-23T08:18:12.031506Z  INFO ThreadId(01) on_command{[3mmsg[0m[2m=[0m"WM_COMMAND" [3mmsg[0m[2m=[0m"WM_COMMAND" [3mid[0m[2m=[0m1003 [3mid[0m[2m=[0m1003 [3mnotif[0m[2m=[0m768 [3mnotif[0m[2m=[0m768}: rust_switcher::win::commands: src\win\commands.rs:11: exit
2025-12-23T08:18:12.031571Z  INFO ThreadId(01) on_command: rust_switcher::win::commands: src\win\commands.rs:11: enter
2025-12-23T08:18:12.031605Z  INFO ThreadId(01) on_command{[3mmsg[0m[2m=[0m"WM_COMMAND" [3mmsg[0m[2m=[0m"WM_COMMAND" [3mid[0m[2m=[0m1201 [3mid[0m[2m=[0m1201 [3mnotif[0m[2m=[0m1024 [3mnotif[0m[2m=[0m1024}: rust_switcher::win::commands: src\win\commands.rs:11: exit
2025-12-23T08:18:12.031621Z  INFO ThreadId(01) on_command: rust_switcher::win::commands: src\win\commands.rs:11: enter
2025-12-23T08:18:12.031650Z  INFO ThreadId(01) on_command{[3mmsg[0m[2m=[0m"WM_COMMAND" [3mmsg[0m[2m=[0m"WM_COMMAND" [3mid[0m[2m=[0m1201 [3mid[0m[2m=[0m1201 [3mnotif[0m[2m=[0m768 [3mnotif[0m[2m=[0m768}: rust_switcher::win::commands: src\win\commands.rs:11: exit
2025-12-23T08:18:12.031735Z  INFO ThreadId(01) on_command: rust_switcher::win::commands: src\win\commands.rs:11: enter
2025-12-23T08:18:12.031779Z  INFO ThreadId(01) on_command{[3mmsg[0m[2m=[0m"WM_COMMAND" [3mmsg[0m[2m=[0m"WM_COMMAND" [3mid[0m[2m=[0m1202 [3mid[0m[2m=[0m1202 [3mnotif[0m[2m=[0m1024 [3mnotif[0m[2m=[0m1024}: rust_switcher::win::commands: src\win\commands.rs:11: exit
2025-12-23T08:18:12.031799Z  INFO ThreadId(01) on_command: rust_switcher::win::commands: src\win\commands.rs:11: enter
2025-12-23T08:18:12.031830Z  INFO ThreadId(01) on_command{[3mmsg[0m[2m=[0m"WM_COMMAND" [3mmsg[0m[2m=[0m"WM_COMMAND" [3mid[0m[2m=[0m1202 [3mid[0m[2m=[0m1202 [3mnotif[0m[2m=[0m768 [3mnotif[0m[2m=[0m768}: rust_switcher::win::commands: src\win\commands.rs:11: exit
2025-12-23T08:18:12.031892Z  INFO ThreadId(01) on_command: rust_switcher::win::commands: src\win\commands.rs:11: enter
2025-12-23T08:18:12.031928Z  INFO ThreadId(01) on_command{[3mmsg[0m[2m=[0m"WM_COMMAND" [3mmsg[0m[2m=[0m"WM_COMMAND" [3mid[0m[2m=[0m1203 [3mid[0m[2m=[0m1203 [3mnotif[0m[2m=[0m1024 [3mnotif[0m[2m=[0m1024}: rust_switcher::win::commands: src\win\commands.rs:11: exit
2025-12-23T08:18:12.031944Z  INFO ThreadId(01) on_command: rust_switcher::win::commands: src\win\commands.rs:11: enter
2025-12-23T08:18:12.031974Z  INFO ThreadId(01) on_command{[3mmsg[0m[2m=[0m"WM_COMMAND" [3mmsg[0m[2m=[0m"WM_COMMAND" [3mid[0m[2m=[0m1203 [3mid[0m[2m=[0m1203 [3mnotif[0m[2m=[0m768 [3mnotif[0m[2m=[0m768}: rust_switcher::win::commands: src\win\commands.rs:11: exit
2025-12-23T08:18:12.032068Z  INFO ThreadId(01) on_command: rust_switcher::win::commands: src\win\commands.rs:11: enter
2025-12-23T08:18:12.032111Z  INFO ThreadId(01) on_command{[3mmsg[0m[2m=[0m"WM_COMMAND" [3mmsg[0m[2m=[0m"WM_COMMAND" [3mid[0m[2m=[0m1204 [3mid[0m[2m=[0m1204 [3mnotif[0m[2m=[0m1024 [3mnotif[0m[2m=[0m1024}: rust_switcher::win::commands: src\win\commands.rs:11: exit
2025-12-23T08:18:12.032130Z  INFO ThreadId(01) on_command: rust_switcher::win::commands: src\win\commands.rs:11: enter
2025-12-23T08:18:12.032161Z  INFO ThreadId(01) on_command{[3mmsg[0m[2m=[0m"WM_COMMAND" [3mmsg[0m[2m=[0m"WM_COMMAND" [3mid[0m[2m=[0m1204 [3mid[0m[2m=[0m1204 [3mnotif[0m[2m=[0m768 [3mnotif[0m[2m=[0m768}: rust_switcher::win::commands: src\win\commands.rs:11: exit
2025-12-23T08:19:33.428394Z  INFO ThreadId(01) rust_switcher: src\main.rs:55: tracing initialized
2025-12-23T08:19:33.432590Z  INFO ThreadId(01) on_command: rust_switcher::win::commands: src\win\commands.rs:11: enter
2025-12-23T08:19:33.432656Z  INFO ThreadId(01) on_command{[3mmsg[0m[2m=[0m"WM_COMMAND" [3mmsg[0m[2m=[0m"WM_COMMAND" [3mid[0m[2m=[0m1003 [3mid[0m[2m=[0m1003 [3mnotif[0m[2m=[0m1024 [3mnotif[0m[2m=[0m1024}: rust_switcher::win::commands: src\win\commands.rs:11: exit
2025-12-23T08:19:33.432682Z  INFO ThreadId(01) on_command: rust_switcher::win::commands: src\win\commands.rs:11: enter
2025-12-23T08:19:33.432713Z  INFO ThreadId(01) on_command{[3mmsg[0m[2m=[0m"WM_COMMAND" [3mmsg[0m[2m=[0m"WM_COMMAND" [3mid[0m[2m=[0m1003 [3mid[0m[2m=[0m1003 [3mnotif[0m[2m=[0m768 [3mnotif[0m[2m=[0m768}: rust_switcher::win::commands: src\win\commands.rs:11: exit
2025-12-23T08:19:33.439979Z  INFO ThreadId(01) on_command: rust_switcher::win::commands: src\win\commands.rs:11: enter
2025-12-23T08:19:33.440033Z  INFO ThreadId(01) on_command{[3mmsg[0m[2m=[0m"WM_COMMAND" [3mmsg[0m[2m=[0m"WM_COMMAND" [3mid[0m[2m=[0m1003 [3mid[0m[2m=[0m1003 [3mnotif[0m[2m=[0m1024 [3mnotif[0m[2m=[0m1024}: rust_switcher::win::commands: src\win\commands.rs:11: exit
2025-12-23T08:19:33.440054Z  INFO ThreadId(01) on_command: rust_switcher::win::commands: src\win\commands.rs:11: enter
2025-12-23T08:19:33.440090Z  INFO ThreadId(01) on_command{[3mmsg[0m[2m=[0m"WM_COMMAND" [3mmsg[0m[2m=[0m"WM_COMMAND" [3mid[0m[2m=[0m1003 [3mid[0m[2m=[0m1003 [3mnotif[0m[2m=[0m768 [3mnotif[0m[2m=[0m768}: rust_switcher::win::commands: src\win\commands.rs:11: exit
2025-12-23T08:19:33.440155Z  INFO ThreadId(01) on_command: rust_switcher::win::commands: src\win\commands.rs:11: enter
2025-12-23T08:19:33.440187Z  INFO ThreadId(01) on_command{[3mmsg[0m[2m=[0m"WM_COMMAND" [3mmsg[0m[2m=[0m"WM_COMMAND" [3mid[0m[2m=[0m1201 [3mid[0m[2m=[0m1201 [3mnotif[0m[2m=[0m1024 [3mnotif[0m[2m=[0m1024}: rust_switcher::win::commands: src\win\commands.rs:11: exit
2025-12-23T08:19:33.440204Z  INFO ThreadId(01) on_command: rust_switcher::win::commands: src\win\commands.rs:11: enter
2025-12-23T08:19:33.440237Z  INFO ThreadId(01) on_command{[3mmsg[0m[2m=[0m"WM_COMMAND" [3mmsg[0m[2m=[0m"WM_COMMAND" [3mid[0m[2m=[0m1201 [3mid[0m[2m=[0m1201 [3mnotif[0m[2m=[0m768 [3mnotif[0m[2m=[0m768}: rust_switcher::win::commands: src\win\commands.rs:11: exit
2025-12-23T08:19:33.440336Z  INFO ThreadId(01) on_command: rust_switcher::win::commands: src\win\commands.rs:11: enter
2025-12-23T08:19:33.440382Z  INFO ThreadId(01) on_command{[3mmsg[0m[2m=[0m"WM_COMMAND" [3mmsg[0m[2m=[0m"WM_COMMAND" [3mid[0m[2m=[0m1202 [3mid[0m[2m=[0m1202 [3mnotif[0m[2m=[0m1024 [3mnotif[0m[2m=[0m1024}: rust_switcher::win::commands: src\win\commands.rs:11: exit
2025-12-23T08:19:33.440402Z  INFO ThreadId(01) on_command: rust_switcher::win::commands: src\win\commands.rs:11: enter
2025-12-23T08:19:33.440434Z  INFO ThreadId(01) on_command{[3mmsg[0m[2m=[0m"WM_COMMAND" [3mmsg[0m[2m=[0m"WM_COMMAND" [3mid[0m[2m=[0m1202 [3mid[0m[2m=[0m1202 [3mnotif[0m[2m=[0m768 [3mnotif[0m[2m=[0m768}: rust_switcher::win::commands: src\win\commands.rs:11: exit
2025-12-23T08:19:33.440792Z  INFO ThreadId(01) on_command: rust_switcher::win::commands: src\win\commands.rs:11: enter
2025-12-23T08:19:33.440847Z  INFO ThreadId(01) on_command{[3mmsg[0m[2m=[0m"WM_COMMAND" [3mmsg[0m[2m=[0m"WM_COMMAND" [3mid[0m[2m=[0m1203 [3mid[0m[2m=[0m1203 [3mnotif[0m[2m=[0m1024 [3mnotif[0m[2m=[0m1024}: rust_switcher::win::commands: src\win\commands.rs:11: exit
2025-12-23T08:19:33.440869Z  INFO ThreadId(01) on_command: rust_switcher::win::commands: src\win\commands.rs:11: enter
2025-12-23T08:19:33.440900Z  INFO ThreadId(01) on_command{[3mmsg[0m[2m=[0m"WM_COMMAND" [3mmsg[0m[2m=[0m"WM_COMMAND" [3mid[0m[2m=[0m1203 [3mid[0m[2m=[0m1203 [3mnotif[0m[2m=[0m768 [3mnotif[0m[2m=[0m768}: rust_switcher::win::commands: src\win\commands.rs:11: exit
2025-12-23T08:19:33.441008Z  INFO ThreadId(01) on_command: rust_switcher::win::commands: src\win\commands.rs:11: enter
2025-12-23T08:19:33.441053Z  INFO ThreadId(01) on_command{[3mmsg[0m[2m=[0m"WM_COMMAND" [3mmsg[0m[2m=[0m"WM_COMMAND" [3mid[0m[2m=[0m1204 [3mid[0m[2m=[0m1204 [3mnotif[0m[2m=[0m1024 [3mnotif[0m[2m=[0m1024}: rust_switcher::win::commands: src\win\commands.rs:11: exit
2025-12-23T08:19:33.441073Z  INFO ThreadId(01) on_command: rust_switcher::win::commands: src\win\commands.rs:11: enter
2025-12-23T08:19:33.441105Z  INFO ThreadId(01) on_command{[3mmsg[0m[2m=[0m"WM_COMMAND" [3mmsg[0m[2m=[0m"WM_COMMAND" [3mid[0m[2m=[0m1204 [3mid[0m[2m=[0m1204 [3mnotif[0m[2m=[0m768 [3mnotif[0m[2m=[0m768}: rust_switcher::win::commands: src\win\commands.rs:11: exit
2025-12-23T08:22:27.027552Z  INFO ThreadId(01) rust_switcher: src\main.rs:55: tracing initialized
2025-12-23T08:22:27.033264Z  INFO ThreadId(01) on_command: rust_switcher::win::commands: src\win\commands.rs:11: enter
2025-12-23T08:22:27.033330Z  INFO ThreadId(01) on_command{[3mmsg[0m[2m=[0m"WM_COMMAND" [3mmsg[0m[2m=[0m"WM_COMMAND" [3mid[0m[2m=[0m1003 [3mid[0m[2m=[0m1003 [3mnotif[0m[2m=[0m1024 [3mnotif[0m[2m=[0m1024}: rust_switcher::win::commands: src\win\commands.rs:11: exit
2025-12-23T08:22:27.033357Z  INFO ThreadId(01) on_command: rust_switcher::win::commands: src\win\commands.rs:11: enter
2025-12-23T08:22:27.033391Z  INFO ThreadId(01) on_command{[3mmsg[0m[2m=[0m"WM_COMMAND" [3mmsg[0m[2m=[0m"WM_COMMAND" [3mid[0m[2m=[0m1003 [3mid[0m[2m=[0m1003 [3mnotif[0m[2m=[0m768 [3mnotif[0m[2m=[0m768}: rust_switcher::win::commands: src\win\commands.rs:11: exit
2025-12-23T08:22:27.037886Z  INFO ThreadId(01) on_command: rust_switcher::win::commands: src\win\commands.rs:11: enter
2025-12-23T08:22:27.037933Z  INFO ThreadId(01) on_command{[3mmsg[0m[2m=[0m"WM_COMMAND" [3mmsg[0m[2m=[0m"WM_COMMAND" [3mid[0m[2m=[0m1003 [3mid[0m[2m=[0m1003 [3mnotif[0m[2m=[0m1024 [3mnotif[0m[2m=[0m1024}: rust_switcher::win::commands: src\win\commands.rs:11: exit
2025-12-23T08:22:27.037954Z  INFO ThreadId(01) on_command: rust_switcher::win::commands: src\win\commands.rs:11: enter
2025-12-23T08:22:27.037985Z  INFO ThreadId(01) on_command{[3mmsg[0m[2m=[0m"WM_COMMAND" [3mmsg[0m[2m=[0m"WM_COMMAND" [3mid[0m[2m=[0m1003 [3mid[0m[2m=[0m1003 [3mnotif[0m[2m=[0m768 [3mnotif[0m[2m=[0m768}: rust_switcher::win::commands: src\win\commands.rs:11: exit
2025-12-23T08:22:27.038061Z  INFO ThreadId(01) on_command: rust_switcher::win::commands: src\win\commands.rs:11: enter
2025-12-23T08:22:27.038095Z  INFO ThreadId(01) on_command{[3mmsg[0m[2m=[0m"WM_COMMAND" [3mmsg[0m[2m=[0m"WM_COMMAND" [3mid[0m[2m=[0m1201 [3mid[0m[2m=[0m1201 [3mnotif[0m[2m=[0m1024 [3mnotif[0m[2m=[0m1024}: rust_switcher::win::commands: src\win\commands.rs:11: exit
2025-12-23T08:22:27.038110Z  INFO ThreadId(01) on_command: rust_switcher::win::commands: src\win\commands.rs:11: enter
2025-12-23T08:22:27.038140Z  INFO ThreadId(01) on_command{[3mmsg[0m[2m=[0m"WM_COMMAND" [3mmsg[0m[2m=[0m"WM_COMMAND" [3mid[0m[2m=[0m1201 [3mid[0m[2m=[0m1201 [3mnotif[0m[2m=[0m768 [3mnotif[0m[2m=[0m768}: rust_switcher::win::commands: src\win\commands.rs:11: exit
2025-12-23T08:22:27.038240Z  INFO ThreadId(01) on_command: rust_switcher::win::commands: src\win\commands.rs:11: enter
2025-12-23T08:22:27.038286Z  INFO ThreadId(01) on_command{[3mmsg[0m[2m=[0m"WM_COMMAND" [3mmsg[0m[2m=[0m"WM_COMMAND" [3mid[0m[2m=[0m1202 [3mid[0m[2m=[0m1202 [3mnotif[0m[2m=[0m1024 [3mnotif[0m[2m=[0m1024}: rust_switcher::win::commands: src\win\commands.rs:11: exit
2025-12-23T08:22:27.038306Z  INFO ThreadId(01) on_command: rust_switcher::win::commands: src\win\commands.rs:11: enter
2025-12-23T08:22:27.038336Z  INFO ThreadId(01) on_command{[3mmsg[0m[2m=[0m"WM_COMMAND" [3mmsg[0m[2m=[0m"WM_COMMAND" [3mid[0m[2m=[0m1202 [3mid[0m[2m=[0m1202 [3mnotif[0m[2m=[0m768 [3mnotif[0m[2m=[0m768}: rust_switcher::win::commands: src\win\commands.rs:11: exit
2025-12-23T08:22:27.038448Z  INFO ThreadId(01) on_command: rust_switcher::win::commands: src\win\commands.rs:11: enter
2025-12-23T08:22:27.038514Z  INFO ThreadId(01) on_command{[3mmsg[0m[2m=[0m"WM_COMMAND" [3mmsg[0m[2m=[0m"WM_COMMAND" [3mid[0m[2m=[0m1203 [3mid[0m[2m=[0m1203 [3mnotif[0m[2m=[0m1024 [3mnotif[0m[2m=[0m1024}: rust_switcher::win::commands: src\win\commands.rs:11: exit
2025-12-23T08:22:27.038544Z  INFO ThreadId(01) on_command: rust_switcher::win::commands: src\win\commands.rs:11: enter
2025-12-23T08:22:27.038612Z  INFO ThreadId(01) on_command{[3mmsg[0m[2m=[0m"WM_COMMAND" [3mmsg[0m[2m=[0m"WM_COMMAND" [3mid[0m[2m=[0m1203 [3mid[0m[2m=[0m1203 [3mnotif[0m[2m=[0m768 [3mnotif[0m[2m=[0m768}: rust_switcher::win::commands: src\win\commands.rs:11: exit
2025-12-23T08:22:27.038710Z  INFO ThreadId(01) on_command: rust_switcher::win::commands: src\win\commands.rs:11: enter
2025-12-23T08:22:27.038746Z  INFO ThreadId(01) on_command{[3mmsg[0m[2m=[0m"WM_COMMAND" [3mmsg[0m[2m=[0m"WM_COMMAND" [3mid[0m[2m=[0m1204 [3mid[0m[2m=[0m1204 [3mnotif[0m[2m=[0m1024 [3mnotif[0m[2m=[0m1024}: rust_switcher::win::commands: src\win\commands.rs:11: exit
2025-12-23T08:22:27.038764Z  INFO ThreadId(01) on_command: rust_switcher::win::commands: src\win\commands.rs:11: enter
2025-12-23T08:22:27.038795Z  INFO ThreadId(01) on_command{[3mmsg[0m[2m=[0m"WM_COMMAND" [3mmsg[0m[2m=[0m"WM_COMMAND" [3mid[0m[2m=[0m1204 [3mid[0m[2m=[0m1204 [3mnotif[0m[2m=[0m768 [3mnotif[0m[2m=[0m768}: rust_switcher::win::commands: src\win\commands.rs:11: exit
2025-12-23T08:22:41.085453Z  INFO ThreadId(01) rust_switcher: src\main.rs:55: tracing initialized
2025-12-23T08:22:41.090043Z  INFO ThreadId(01) on_command: rust_switcher::win::commands: src\win\commands.rs:11: enter
2025-12-23T08:22:41.090112Z  INFO ThreadId(01) on_command{[3mmsg[0m[2m=[0m"WM_COMMAND" [3mmsg[0m[2m=[0m"WM_COMMAND" [3mid[0m[2m=[0m1003 [3mid[0m[2m=[0m1003 [3mnotif[0m[2m=[0m1024 [3mnotif[0m[2m=[0m1024}: rust_switcher::win::commands: src\win\commands.rs:11: exit
2025-12-23T08:22:41.090138Z  INFO ThreadId(01) on_command: rust_switcher::win::commands: src\win\commands.rs:11: enter
2025-12-23T08:22:41.090168Z  INFO ThreadId(01) on_command{[3mmsg[0m[2m=[0m"WM_COMMAND" [3mmsg[0m[2m=[0m"WM_COMMAND" [3mid[0m[2m=[0m1003 [3mid[0m[2m=[0m1003 [3mnotif[0m[2m=[0m768 [3mnotif[0m[2m=[0m768}: rust_switcher::win::commands: src\win\commands.rs:11: exit
2025-12-23T08:22:41.094222Z  INFO ThreadId(01) on_command: rust_switcher::win::commands: src\win\commands.rs:11: enter
2025-12-23T08:22:41.094281Z  INFO ThreadId(01) on_command{[3mmsg[0m[2m=[0m"WM_COMMAND" [3mmsg[0m[2m=[0m"WM_COMMAND" [3mid[0m[2m=[0m1003 [3mid[0m[2m=[0m1003 [3mnotif[0m[2m=[0m1024 [3mnotif[0m[2m=[0m1024}: rust_switcher::win::commands: src\win\commands.rs:11: exit
2025-12-23T08:22:41.094302Z  INFO ThreadId(01) on_command: rust_switcher::win::commands: src\win\commands.rs:11: enter
2025-12-23T08:22:41.094329Z  INFO ThreadId(01) on_command{[3mmsg[0m[2m=[0m"WM_COMMAND" [3mmsg[0m[2m=[0m"WM_COMMAND" [3mid[0m[2m=[0m1003 [3mid[0m[2m=[0m1003 [3mnotif[0m[2m=[0m768 [3mnotif[0m[2m=[0m768}: rust_switcher::win::commands: src\win\commands.rs:11: exit
2025-12-23T08:22:41.094538Z  INFO ThreadId(01) on_command: rust_switcher::win::commands: src\win\commands.rs:11: enter
2025-12-23T08:22:41.094578Z  INFO ThreadId(01) on_command{[3mmsg[0m[2m=[0m"WM_COMMAND" [3mmsg[0m[2m=[0m"WM_COMMAND" [3mid[0m[2m=[0m1201 [3mid[0m[2m=[0m1201 [3mnotif[0m[2m=[0m1024 [3mnotif[0m[2m=[0m1024}: rust_switcher::win::commands: src\win\commands.rs:11: exit
2025-12-23T08:22:41.094598Z  INFO ThreadId(01) on_command: rust_switcher::win::commands: src\win\commands.rs:11: enter
2025-12-23T08:22:41.094636Z  INFO ThreadId(01) on_command{[3mmsg[0m[2m=[0m"WM_COMMAND" [3mmsg[0m[2m=[0m"WM_COMMAND" [3mid[0m[2m=[0m1201 [3mid[0m[2m=[0m1201 [3mnotif[0m[2m=[0m768 [3mnotif[0m[2m=[0m768}: rust_switcher::win::commands: src\win\commands.rs:11: exit
2025-12-23T08:22:41.094812Z  INFO ThreadId(01) on_command: rust_switcher::win::commands: src\win\commands.rs:11: enter
2025-12-23T08:22:41.094855Z  INFO ThreadId(01) on_command{[3mmsg[0m[2m=[0m"WM_COMMAND" [3mmsg[0m[2m=[0m"WM_COMMAND" [3mid[0m[2m=[0m1202 [3mid[0m[2m=[0m1202 [3mnotif[0m[2m=[0m1024 [3mnotif[0m[2m=[0m1024}: rust_switcher::win::commands: src\win\commands.rs:11: exit
2025-12-23T08:22:41.094872Z  INFO ThreadId(01) on_command: rust_switcher::win::commands: src\win\commands.rs:11: enter
2025-12-23T08:22:41.094898Z  INFO ThreadId(01) on_command{[3mmsg[0m[2m=[0m"WM_COMMAND" [3mmsg[0m[2m=[0m"WM_COMMAND" [3mid[0m[2m=[0m1202 [3mid[0m[2m=[0m1202 [3mnotif[0m[2m=[0m768 [3mnotif[0m[2m=[0m768}: rust_switcher::win::commands: src\win\commands.rs:11: exit
2025-12-23T08:22:41.095141Z  INFO ThreadId(01) on_command: rust_switcher::win::commands: src\win\commands.rs:11: enter
2025-12-23T08:22:41.095186Z  INFO ThreadId(01) on_command{[3mmsg[0m[2m=[0m"WM_COMMAND" [3mmsg[0m[2m=[0m"WM_COMMAND" [3mid[0m[2m=[0m1203 [3mid[0m[2m=[0m1203 [3mnotif[0m[2m=[0m1024 [3mnotif[0m[2m=[0m1024}: rust_switcher::win::commands: src\win\commands.rs:11: exit
2025-12-23T08:22:41.095230Z  INFO ThreadId(01) on_command: rust_switcher::win::commands: src\win\commands.rs:11: enter
2025-12-23T08:22:41.095271Z  INFO ThreadId(01) on_command{[3mmsg[0m[2m=[0m"WM_COMMAND" [3mmsg[0m[2m=[0m"WM_COMMAND" [3mid[0m[2m=[0m1203 [3mid[0m[2m=[0m1203 [3mnotif[0m[2m=[0m768 [3mnotif[0m[2m=[0m768}: rust_switcher::win::commands: src\win\commands.rs:11: exit
2025-12-23T08:22:41.095547Z  INFO ThreadId(01) on_command: rust_switcher::win::commands: src\win\commands.rs:11: enter
2025-12-23T08:22:41.095614Z  INFO ThreadId(01) on_command{[3mmsg[0m[2m=[0m"WM_COMMAND" [3mmsg[0m[2m=[0m"WM_COMMAND" [3mid[0m[2m=[0m1204 [3mid[0m[2m=[0m1204 [3mnotif[0m[2m=[0m1024 [3mnotif[0m[2m=[0m1024}: rust_switcher::win::commands: src\win\commands.rs:11: exit
2025-12-23T08:22:41.095640Z  INFO ThreadId(01) on_command: rust_switcher::win::commands: src\win\commands.rs:11: enter
2025-12-23T08:22:41.095694Z  INFO ThreadId(01) on_command{[3mmsg[0m[2m=[0m"WM_COMMAND" [3mmsg[0m[2m=[0m"WM_COMMAND" [3mid[0m[2m=[0m1204 [3mid[0m[2m=[0m1204 [3mnotif[0m[2m=[0m768 [3mnotif[0m[2m=[0m768}: rust_switcher::win::commands: src\win\commands.rs:11: exit
2025-12-23T08:23:00.235756Z  INFO ThreadId(01) rust_switcher: src\main.rs:55: tracing initialized
2025-12-23T08:23:00.240123Z  INFO ThreadId(01) on_command: rust_switcher::win::commands: src\win\commands.rs:11: enter
2025-12-23T08:23:00.240184Z  INFO ThreadId(01) on_command{[3mmsg[0m[2m=[0m"WM_COMMAND" [3mmsg[0m[2m=[0m"WM_COMMAND" [3mid[0m[2m=[0m1003 [3mid[0m[2m=[0m1003 [3mnotif[0m[2m=[0m1024 [3mnotif[0m[2m=[0m1024}: rust_switcher::win::commands: src\win\commands.rs:11: exit
2025-12-23T08:23:00.240212Z  INFO ThreadId(01) on_command: rust_switcher::win::commands: src\win\commands.rs:11: enter
2025-12-23T08:23:00.240291Z  INFO ThreadId(01) on_command{[3mmsg[0m[2m=[0m"WM_COMMAND" [3mmsg[0m[2m=[0m"WM_COMMAND" [3mid[0m[2m=[0m1003 [3mid[0m[2m=[0m1003 [3mnotif[0m[2m=[0m768 [3mnotif[0m[2m=[0m768}: rust_switcher::win::commands: src\win\commands.rs:11: exit
2025-12-23T08:23:00.244907Z  INFO ThreadId(01) on_command: rust_switcher::win::commands: src\win\commands.rs:11: enter
2025-12-23T08:23:00.244977Z  INFO ThreadId(01) on_command{[3mmsg[0m[2m=[0m"WM_COMMAND" [3mmsg[0m[2m=[0m"WM_COMMAND" [3mid[0m[2m=[0m1003 [3mid[0m[2m=[0m1003 [3mnotif[0m[2m=[0m1024 [3mnotif[0m[2m=[0m1024}: rust_switcher::win::commands: src\win\commands.rs:11: exit
2025-12-23T08:23:00.245007Z  INFO ThreadId(01) on_command: rust_switcher::win::commands: src\win\commands.rs:11: enter
2025-12-23T08:23:00.245042Z  INFO ThreadId(01) on_command{[3mmsg[0m[2m=[0m"WM_COMMAND" [3mmsg[0m[2m=[0m"WM_COMMAND" [3mid[0m[2m=[0m1003 [3mid[0m[2m=[0m1003 [3mnotif[0m[2m=[0m768 [3mnotif[0m[2m=[0m768}: rust_switcher::win::commands: src\win\commands.rs:11: exit
2025-12-23T08:23:00.245128Z  INFO ThreadId(01) on_command: rust_switcher::win::commands: src\win\commands.rs:11: enter
2025-12-23T08:23:00.245162Z  INFO ThreadId(01) on_command{[3mmsg[0m[2m=[0m"WM_COMMAND" [3mmsg[0m[2m=[0m"WM_COMMAND" [3mid[0m[2m=[0m1201 [3mid[0m[2m=[0m1201 [3mnotif[0m[2m=[0m1024 [3mnotif[0m[2m=[0m1024}: rust_switcher::win::commands: src\win\commands.rs:11: exit
2025-12-23T08:23:00.245179Z  INFO ThreadId(01) on_command: rust_switcher::win::commands: src\win\commands.rs:11: enter
2025-12-23T08:23:00.245211Z  INFO ThreadId(01) on_command{[3mmsg[0m[2m=[0m"WM_COMMAND" [3mmsg[0m[2m=[0m"WM_COMMAND" [3mid[0m[2m=[0m1201 [3mid[0m[2m=[0m1201 [3mnotif[0m[2m=[0m768 [3mnotif[0m[2m=[0m768}: rust_switcher::win::commands: src\win\commands.rs:11: exit
2025-12-23T08:23:00.245268Z  INFO ThreadId(01) on_command: rust_switcher::win::commands: src\win\commands.rs:11: enter
2025-12-23T08:23:00.245303Z  INFO ThreadId(01) on_command{[3mmsg[0m[2m=[0m"WM_COMMAND" [3mmsg[0m[2m=[0m"WM_COMMAND" [3mid[0m[2m=[0m1202 [3mid[0m[2m=[0m1202 [3mnotif[0m[2m=[0m1024 [3mnotif[0m[2m=[0m1024}: rust_switcher::win::commands: src\win\commands.rs:11: exit
2025-12-23T08:23:00.245318Z  INFO ThreadId(01) on_command: rust_switcher::win::commands: src\win\commands.rs:11: enter
2025-12-23T08:23:00.245348Z  INFO ThreadId(01) on_command{[3mmsg[0m[2m=[0m"WM_COMMAND" [3mmsg[0m[2m=[0m"WM_COMMAND" [3mid[0m[2m=[0m1202 [3mid[0m[2m=[0m1202 [3mnotif[0m[2m=[0m768 [3mnotif[0m[2m=[0m768}: rust_switcher::win::commands: src\win\commands.rs:11: exit
2025-12-23T08:23:00.245432Z  INFO ThreadId(01) on_command: rust_switcher::win::commands: src\win\commands.rs:11: enter
2025-12-23T08:23:00.245479Z  INFO ThreadId(01) on_command{[3mmsg[0m[2m=[0m"WM_COMMAND" [3mmsg[0m[2m=[0m"WM_COMMAND" [3mid[0m[2m=[0m1203 [3mid[0m[2m=[0m1203 [3mnotif[0m[2m=[0m1024 [3mnotif[0m[2m=[0m1024}: rust_switcher::win::commands: src\win\commands.rs:11: exit
2025-12-23T08:23:00.245506Z  INFO ThreadId(01) on_command: rust_switcher::win::commands: src\win\commands.rs:11: enter
2025-12-23T08:23:00.245552Z  INFO ThreadId(01) on_command{[3mmsg[0m[2m=[0m"WM_COMMAND" [3mmsg[0m[2m=[0m"WM_COMMAND" [3mid[0m[2m=[0m1203 [3mid[0m[2m=[0m1203 [3mnotif[0m[2m=[0m768 [3mnotif[0m[2m=[0m768}: rust_switcher::win::commands: src\win\commands.rs:11: exit
2025-12-23T08:23:00.245728Z  INFO ThreadId(01) on_command: rust_switcher::win::commands: src\win\commands.rs:11: enter
2025-12-23T08:23:00.245774Z  INFO ThreadId(01) on_command{[3mmsg[0m[2m=[0m"WM_COMMAND" [3mmsg[0m[2m=[0m"WM_COMMAND" [3mid[0m[2m=[0m1204 [3mid[0m[2m=[0m1204 [3mnotif[0m[2m=[0m1024 [3mnotif[0m[2m=[0m1024}: rust_switcher::win::commands: src\win\commands.rs:11: exit
2025-12-23T08:23:00.245793Z  INFO ThreadId(01) on_command: rust_switcher::win::commands: src\win\commands.rs:11: enter
2025-12-23T08:23:00.245825Z  INFO ThreadId(01) on_command{[3mmsg[0m[2m=[0m"WM_COMMAND" [3mmsg[0m[2m=[0m"WM_COMMAND" [3mid[0m[2m=[0m1204 [3mid[0m[2m=[0m1204 [3mnotif[0m[2m=[0m768 [3mnotif[0m[2m=[0m768}: rust_switcher::win::commands: src\win\commands.rs:11: exit
2025-12-23T08:23:07.088365Z TRACE ThreadId(01) on_hotkey{[3mwparam[0m[2m=[0mWPARAM(20001) [3mhotkey.id[0m[2m=[0m20001}: rust_switcher::win: src\win\mod.rs:370: enter
2025-12-23T08:23:07.190043Z TRACE ThreadId(01) on_hotkey{[3mwparam[0m[2m=[0mWPARAM(20001) [3mhotkey.id[0m[2m=[0m20001}: rust_switcher::win: src\win\mod.rs:370: exit
2025-12-23T08:23:08.328632Z TRACE ThreadId(01) on_hotkey{[3mwparam[0m[2m=[0mWPARAM(20001) [3mhotkey.id[0m[2m=[0m20001}: rust_switcher::win: src\win\mod.rs:370: enter
2025-12-23T08:23:08.430206Z TRACE ThreadId(01) on_hotkey{[3mwparam[0m[2m=[0mWPARAM(20001) [3mhotkey.id[0m[2m=[0m20001}: rust_switcher::win: src\win\mod.rs:370: exit
2025-12-23T08:27:55.066517Z  INFO ThreadId(01) rust_switcher: src\main.rs:55: tracing initialized
2025-12-23T08:27:55.070339Z  INFO ThreadId(01) on_command: rust_switcher::win::commands: src\win\commands.rs:11: enter
2025-12-23T08:27:55.070406Z  INFO ThreadId(01) on_command{[3mmsg[0m[2m=[0m"WM_COMMAND" [3mmsg[0m[2m=[0m"WM_COMMAND" [3mid[0m[2m=[0m1003 [3mid[0m[2m=[0m1003 [3mnotif[0m[2m=[0m1024 [3mnotif[0m[2m=[0m1024}: rust_switcher::win::commands: src\win\commands.rs:11: exit
2025-12-23T08:27:55.070430Z  INFO ThreadId(01) on_command: rust_switcher::win::commands: src\win\commands.rs:11: enter
2025-12-23T08:27:55.070461Z  INFO ThreadId(01) on_command{[3mmsg[0m[2m=[0m"WM_COMMAND" [3mmsg[0m[2m=[0m"WM_COMMAND" [3mid[0m[2m=[0m1003 [3mid[0m[2m=[0m1003 [3mnotif[0m[2m=[0m768 [3mnotif[0m[2m=[0m768}: rust_switcher::win::commands: src\win\commands.rs:11: exit
2025-12-23T08:27:55.074480Z  INFO ThreadId(01) on_command: rust_switcher::win::commands: src\win\commands.rs:11: enter
2025-12-23T08:27:55.074526Z  INFO ThreadId(01) on_command{[3mmsg[0m[2m=[0m"WM_COMMAND" [3mmsg[0m[2m=[0m"WM_COMMAND" [3mid[0m[2m=[0m1003 [3mid[0m[2m=[0m1003 [3mnotif[0m[2m=[0m1024 [3mnotif[0m[2m=[0m1024}: rust_switcher::win::commands: src\win\commands.rs:11: exit
2025-12-23T08:27:55.074547Z  INFO ThreadId(01) on_command: rust_switcher::win::commands: src\win\commands.rs:11: enter
2025-12-23T08:27:55.074577Z  INFO ThreadId(01) on_command{[3mmsg[0m[2m=[0m"WM_COMMAND" [3mmsg[0m[2m=[0m"WM_COMMAND" [3mid[0m[2m=[0m1003 [3mid[0m[2m=[0m1003 [3mnotif[0m[2m=[0m768 [3mnotif[0m[2m=[0m768}: rust_switcher::win::commands: src\win\commands.rs:11: exit
2025-12-23T08:27:55.074643Z  INFO ThreadId(01) on_command: rust_switcher::win::commands: src\win\commands.rs:11: enter
2025-12-23T08:27:55.074676Z  INFO ThreadId(01) on_command{[3mmsg[0m[2m=[0m"WM_COMMAND" [3mmsg[0m[2m=[0m"WM_COMMAND" [3mid[0m[2m=[0m1201 [3mid[0m[2m=[0m1201 [3mnotif[0m[2m=[0m1024 [3mnotif[0m[2m=[0m1024}: rust_switcher::win::commands: src\win\commands.rs:11: exit
2025-12-23T08:27:55.074693Z  INFO ThreadId(01) on_command: rust_switcher::win::commands: src\win\commands.rs:11: enter
2025-12-23T08:27:55.074723Z  INFO ThreadId(01) on_command{[3mmsg[0m[2m=[0m"WM_COMMAND" [3mmsg[0m[2m=[0m"WM_COMMAND" [3mid[0m[2m=[0m1201 [3mid[0m[2m=[0m1201 [3mnotif[0m[2m=[0m768 [3mnotif[0m[2m=[0m768}: rust_switcher::win::commands: src\win\commands.rs:11: exit
2025-12-23T08:27:55.074813Z  INFO ThreadId(01) on_command: rust_switcher::win::commands: src\win\commands.rs:11: enter
2025-12-23T08:27:55.074860Z  INFO ThreadId(01) on_command{[3mmsg[0m[2m=[0m"WM_COMMAND" [3mmsg[0m[2m=[0m"WM_COMMAND" [3mid[0m[2m=[0m1202 [3mid[0m[2m=[0m1202 [3mnotif[0m[2m=[0m1024 [3mnotif[0m[2m=[0m1024}: rust_switcher::win::commands: src\win\commands.rs:11: exit
2025-12-23T08:27:55.074879Z  INFO ThreadId(01) on_command: rust_switcher::win::commands: src\win\commands.rs:11: enter
2025-12-23T08:27:55.074912Z  INFO ThreadId(01) on_command{[3mmsg[0m[2m=[0m"WM_COMMAND" [3mmsg[0m[2m=[0m"WM_COMMAND" [3mid[0m[2m=[0m1202 [3mid[0m[2m=[0m1202 [3mnotif[0m[2m=[0m768 [3mnotif[0m[2m=[0m768}: rust_switcher::win::commands: src\win\commands.rs:11: exit
2025-12-23T08:27:55.075006Z  INFO ThreadId(01) on_command: rust_switcher::win::commands: src\win\commands.rs:11: enter
2025-12-23T08:27:55.075050Z  INFO ThreadId(01) on_command{[3mmsg[0m[2m=[0m"WM_COMMAND" [3mmsg[0m[2m=[0m"WM_COMMAND" [3mid[0m[2m=[0m1203 [3mid[0m[2m=[0m1203 [3mnotif[0m[2m=[0m1024 [3mnotif[0m[2m=[0m1024}: rust_switcher::win::commands: src\win\commands.rs:11: exit
2025-12-23T08:27:55.075070Z  INFO ThreadId(01) on_command: rust_switcher::win::commands: src\win\commands.rs:11: enter
2025-12-23T08:27:55.075102Z  INFO ThreadId(01) on_command{[3mmsg[0m[2m=[0m"WM_COMMAND" [3mmsg[0m[2m=[0m"WM_COMMAND" [3mid[0m[2m=[0m1203 [3mid[0m[2m=[0m1203 [3mnotif[0m[2m=[0m768 [3mnotif[0m[2m=[0m768}: rust_switcher::win::commands: src\win\commands.rs:11: exit
2025-12-23T08:27:55.075191Z  INFO ThreadId(01) on_command: rust_switcher::win::commands: src\win\commands.rs:11: enter
2025-12-23T08:27:55.075226Z  INFO ThreadId(01) on_command{[3mmsg[0m[2m=[0m"WM_COMMAND" [3mmsg[0m[2m=[0m"WM_COMMAND" [3mid[0m[2m=[0m1204 [3mid[0m[2m=[0m1204 [3mnotif[0m[2m=[0m1024 [3mnotif[0m[2m=[0m1024}: rust_switcher::win::commands: src\win\commands.rs:11: exit
2025-12-23T08:27:55.075243Z  INFO ThreadId(01) on_command: rust_switcher::win::commands: src\win\commands.rs:11: enter
2025-12-23T08:27:55.075273Z  INFO ThreadId(01) on_command{[3mmsg[0m[2m=[0m"WM_COMMAND" [3mmsg[0m[2m=[0m"WM_COMMAND" [3mid[0m[2m=[0m1204 [3mid[0m[2m=[0m1204 [3mnotif[0m[2m=[0m768 [3mnotif[0m[2m=[0m768}: rust_switcher::win::commands: src\win\commands.rs:11: exit
2025-12-23T08:28:01.329391Z TRACE ThreadId(01) on_hotkey{[3mwparam[0m[2m=[0mWPARAM(20001) [3mhotkey.id[0m[2m=[0m20001}: rust_switcher::win: src\win\mod.rs:370: enter
2025-12-23T08:28:01.329645Z TRACE ThreadId(01) on_hotkey{[3mwparam[0m[2m=[0mWPARAM(20001) [3mhotkey.id[0m[2m=[0m20001}:convert_last_word: rust_switcher::conversion: src\conversion.rs:34: enter
2025-12-23T08:28:01.431198Z TRACE ThreadId(01) on_hotkey{[3mwparam[0m[2m=[0mWPARAM(20001) [3mhotkey.id[0m[2m=[0m20001}:convert_last_word: rust_switcher::conversion: src\conversion.rs:34: exit
2025-12-23T08:28:01.431328Z TRACE ThreadId(01) on_hotkey{[3mwparam[0m[2m=[0mWPARAM(20001) [3mhotkey.id[0m[2m=[0m20001}: rust_switcher::win: src\win\mod.rs:370: exit
2025-12-23T08:28:08.211362Z TRACE ThreadId(01) on_hotkey{[3mwparam[0m[2m=[0mWPARAM(20001) [3mhotkey.id[0m[2m=[0m20001}: rust_switcher::win: src\win\mod.rs:370: enter
2025-12-23T08:28:08.211483Z TRACE ThreadId(01) on_hotkey{[3mwparam[0m[2m=[0mWPARAM(20001) [3mhotkey.id[0m[2m=[0m20001}:convert_last_word: rust_switcher::conversion: src\conversion.rs:34: enter
2025-12-23T08:28:08.325202Z TRACE ThreadId(01) on_hotkey{[3mwparam[0m[2m=[0mWPARAM(20001) [3mhotkey.id[0m[2m=[0m20001}:convert_last_word: rust_switcher::conversion: src\conversion.rs:34: exit
2025-12-23T08:28:08.325243Z TRACE ThreadId(01) on_hotkey{[3mwparam[0m[2m=[0mWPARAM(20001) [3mhotkey.id[0m[2m=[0m20001}: rust_switcher::win: src\win\mod.rs:370: exit
2025-12-23T08:28:58.161860Z  INFO ThreadId(01) rust_switcher: src\main.rs:55: tracing initialized
2025-12-23T08:28:58.165499Z  INFO ThreadId(01) on_command: rust_switcher::win::commands: src\win\commands.rs:11: enter
2025-12-23T08:28:58.165561Z  INFO ThreadId(01) on_command{[3mmsg[0m[2m=[0m"WM_COMMAND" [3mmsg[0m[2m=[0m"WM_COMMAND" [3mid[0m[2m=[0m1003 [3mid[0m[2m=[0m1003 [3mnotif[0m[2m=[0m1024 [3mnotif[0m[2m=[0m1024}: rust_switcher::win::commands: src\win\commands.rs:11: exit
2025-12-23T08:28:58.165585Z  INFO ThreadId(01) on_command: rust_switcher::win::commands: src\win\commands.rs:11: enter
2025-12-23T08:28:58.165615Z  INFO ThreadId(01) on_command{[3mmsg[0m[2m=[0m"WM_COMMAND" [3mmsg[0m[2m=[0m"WM_COMMAND" [3mid[0m[2m=[0m1003 [3mid[0m[2m=[0m1003 [3mnotif[0m[2m=[0m768 [3mnotif[0m[2m=[0m768}: rust_switcher::win::commands: src\win\commands.rs:11: exit
2025-12-23T08:28:58.170169Z  INFO ThreadId(01) on_command: rust_switcher::win::commands: src\win\commands.rs:11: enter
2025-12-23T08:28:58.170215Z  INFO ThreadId(01) on_command{[3mmsg[0m[2m=[0m"WM_COMMAND" [3mmsg[0m[2m=[0m"WM_COMMAND" [3mid[0m[2m=[0m1003 [3mid[0m[2m=[0m1003 [3mnotif[0m[2m=[0m1024 [3mnotif[0m[2m=[0m1024}: rust_switcher::win::commands: src\win\commands.rs:11: exit
2025-12-23T08:28:58.170235Z  INFO ThreadId(01) on_command: rust_switcher::win::commands: src\win\commands.rs:11: enter
2025-12-23T08:28:58.170263Z  INFO ThreadId(01) on_command{[3mmsg[0m[2m=[0m"WM_COMMAND" [3mmsg[0m[2m=[0m"WM_COMMAND" [3mid[0m[2m=[0m1003 [3mid[0m[2m=[0m1003 [3mnotif[0m[2m=[0m768 [3mnotif[0m[2m=[0m768}: rust_switcher::win::commands: src\win\commands.rs:11: exit
2025-12-23T08:28:58.170328Z  INFO ThreadId(01) on_command: rust_switcher::win::commands: src\win\commands.rs:11: enter
2025-12-23T08:28:58.170360Z  INFO ThreadId(01) on_command{[3mmsg[0m[2m=[0m"WM_COMMAND" [3mmsg[0m[2m=[0m"WM_COMMAND" [3mid[0m[2m=[0m1201 [3mid[0m[2m=[0m1201 [3mnotif[0m[2m=[0m1024 [3mnotif[0m[2m=[0m1024}: rust_switcher::win::commands: src\win\commands.rs:11: exit
2025-12-23T08:28:58.170376Z  INFO ThreadId(01) on_command: rust_switcher::win::commands: src\win\commands.rs:11: enter
2025-12-23T08:28:58.170409Z  INFO ThreadId(01) on_command{[3mmsg[0m[2m=[0m"WM_COMMAND" [3mmsg[0m[2m=[0m"WM_COMMAND" [3mid[0m[2m=[0m1201 [3mid[0m[2m=[0m1201 [3mnotif[0m[2m=[0m768 [3mnotif[0m[2m=[0m768}: rust_switcher::win::commands: src\win\commands.rs:11: exit
2025-12-23T08:28:58.170499Z  INFO ThreadId(01) on_command: rust_switcher::win::commands: src\win\commands.rs:11: enter
2025-12-23T08:28:58.170542Z  INFO ThreadId(01) on_command{[3mmsg[0m[2m=[0m"WM_COMMAND" [3mmsg[0m[2m=[0m"WM_COMMAND" [3mid[0m[2m=[0m1202 [3mid[0m[2m=[0m1202 [3mnotif[0m[2m=[0m1024 [3mnotif[0m[2m=[0m1024}: rust_switcher::win::commands: src\win\commands.rs:11: exit
2025-12-23T08:28:58.170561Z  INFO ThreadId(01) on_command: rust_switcher::win::commands: src\win\commands.rs:11: enter
2025-12-23T08:28:58.170595Z  INFO ThreadId(01) on_command{[3mmsg[0m[2m=[0m"WM_COMMAND" [3mmsg[0m[2m=[0m"WM_COMMAND" [3mid[0m[2m=[0m1202 [3mid[0m[2m=[0m1202 [3mnotif[0m[2m=[0m768 [3mnotif[0m[2m=[0m768}: rust_switcher::win::commands: src\win\commands.rs:11: exit
2025-12-23T08:28:58.170695Z  INFO ThreadId(01) on_command: rust_switcher::win::commands: src\win\commands.rs:11: enter
2025-12-23T08:28:58.170735Z  INFO ThreadId(01) on_command{[3mmsg[0m[2m=[0m"WM_COMMAND" [3mmsg[0m[2m=[0m"WM_COMMAND" [3mid[0m[2m=[0m1203 [3mid[0m[2m=[0m1203 [3mnotif[0m[2m=[0m1024 [3mnotif[0m[2m=[0m1024}: rust_switcher::win::commands: src\win\commands.rs:11: exit
2025-12-23T08:28:58.170753Z  INFO ThreadId(01) on_command: rust_switcher::win::commands: src\win\commands.rs:11: enter
2025-12-23T08:28:58.170783Z  INFO ThreadId(01) on_command{[3mmsg[0m[2m=[0m"WM_COMMAND" [3mmsg[0m[2m=[0m"WM_COMMAND" [3mid[0m[2m=[0m1203 [3mid[0m[2m=[0m1203 [3mnotif[0m[2m=[0m768 [3mnotif[0m[2m=[0m768}: rust_switcher::win::commands: src\win\commands.rs:11: exit
2025-12-23T08:28:58.170862Z  INFO ThreadId(01) on_command: rust_switcher::win::commands: src\win\commands.rs:11: enter
2025-12-23T08:28:58.170895Z  INFO ThreadId(01) on_command{[3mmsg[0m[2m=[0m"WM_COMMAND" [3mmsg[0m[2m=[0m"WM_COMMAND" [3mid[0m[2m=[0m1204 [3mid[0m[2m=[0m1204 [3mnotif[0m[2m=[0m1024 [3mnotif[0m[2m=[0m1024}: rust_switcher::win::commands: src\win\commands.rs:11: exit
2025-12-23T08:28:58.170911Z  INFO ThreadId(01) on_command: rust_switcher::win::commands: src\win\commands.rs:11: enter
2025-12-23T08:28:58.170942Z  INFO ThreadId(01) on_command{[3mmsg[0m[2m=[0m"WM_COMMAND" [3mmsg[0m[2m=[0m"WM_COMMAND" [3mid[0m[2m=[0m1204 [3mid[0m[2m=[0m1204 [3mnotif[0m[2m=[0m768 [3mnotif[0m[2m=[0m768}: rust_switcher::win::commands: src\win\commands.rs:11: exit
2025-12-23T08:30:23.000431Z  INFO ThreadId(01) rust_switcher: src\main.rs:55: tracing initialized
2025-12-23T08:30:23.004126Z  INFO ThreadId(01) on_command: rust_switcher::win::commands: src\win\commands.rs:11: enter
2025-12-23T08:30:23.004187Z  INFO ThreadId(01) on_command{[3mmsg[0m[2m=[0m"WM_COMMAND" [3mmsg[0m[2m=[0m"WM_COMMAND" [3mid[0m[2m=[0m1003 [3mid[0m[2m=[0m1003 [3mnotif[0m[2m=[0m1024 [3mnotif[0m[2m=[0m1024}: rust_switcher::win::commands: src\win\commands.rs:11: exit
2025-12-23T08:30:23.004216Z  INFO ThreadId(01) on_command: rust_switcher::win::commands: src\win\commands.rs:11: enter
2025-12-23T08:30:23.004246Z  INFO ThreadId(01) on_command{[3mmsg[0m[2m=[0m"WM_COMMAND" [3mmsg[0m[2m=[0m"WM_COMMAND" [3mid[0m[2m=[0m1003 [3mid[0m[2m=[0m1003 [3mnotif[0m[2m=[0m768 [3mnotif[0m[2m=[0m768}: rust_switcher::win::commands: src\win\commands.rs:11: exit
2025-12-23T08:30:23.008190Z  INFO ThreadId(01) on_command: rust_switcher::win::commands: src\win\commands.rs:11: enter
2025-12-23T08:30:23.008236Z  INFO ThreadId(01) on_command{[3mmsg[0m[2m=[0m"WM_COMMAND" [3mmsg[0m[2m=[0m"WM_COMMAND" [3mid[0m[2m=[0m1003 [3mid[0m[2m=[0m1003 [3mnotif[0m[2m=[0m1024 [3mnotif[0m[2m=[0m1024}: rust_switcher::win::commands: src\win\commands.rs:11: exit
2025-12-23T08:30:23.008257Z  INFO ThreadId(01) on_command: rust_switcher::win::commands: src\win\commands.rs:11: enter
2025-12-23T08:30:23.008295Z  INFO ThreadId(01) on_command{[3mmsg[0m[2m=[0m"WM_COMMAND" [3mmsg[0m[2m=[0m"WM_COMMAND" [3mid[0m[2m=[0m1003 [3mid[0m[2m=[0m1003 [3mnotif[0m[2m=[0m768 [3mnotif[0m[2m=[0m768}: rust_switcher::win::commands: src\win\commands.rs:11: exit
2025-12-23T08:30:23.008360Z  INFO ThreadId(01) on_command: rust_switcher::win::commands: src\win\commands.rs:11: enter
2025-12-23T08:30:23.008394Z  INFO ThreadId(01) on_command{[3mmsg[0m[2m=[0m"WM_COMMAND" [3mmsg[0m[2m=[0m"WM_COMMAND" [3mid[0m[2m=[0m1201 [3mid[0m[2m=[0m1201 [3mnotif[0m[2m=[0m1024 [3mnotif[0m[2m=[0m1024}: rust_switcher::win::commands: src\win\commands.rs:11: exit
2025-12-23T08:30:23.008411Z  INFO ThreadId(01) on_command: rust_switcher::win::commands: src\win\commands.rs:11: enter
2025-12-23T08:30:23.008442Z  INFO ThreadId(01) on_command{[3mmsg[0m[2m=[0m"WM_COMMAND" [3mmsg[0m[2m=[0m"WM_COMMAND" [3mid[0m[2m=[0m1201 [3mid[0m[2m=[0m1201 [3mnotif[0m[2m=[0m768 [3mnotif[0m[2m=[0m768}: rust_switcher::win::commands: src\win\commands.rs:11: exit
2025-12-23T08:30:23.008535Z  INFO ThreadId(01) on_command: rust_switcher::win::commands: src\win\commands.rs:11: enter
2025-12-23T08:30:23.008581Z  INFO ThreadId(01) on_command{[3mmsg[0m[2m=[0m"WM_COMMAND" [3mmsg[0m[2m=[0m"WM_COMMAND" [3mid[0m[2m=[0m1202 [3mid[0m[2m=[0m1202 [3mnotif[0m[2m=[0m1024 [3mnotif[0m[2m=[0m1024}: rust_switcher::win::commands: src\win\commands.rs:11: exit
2025-12-23T08:30:23.008600Z  INFO ThreadId(01) on_command: rust_switcher::win::commands: src\win\commands.rs:11: enter
2025-12-23T08:30:23.008629Z  INFO ThreadId(01) on_command{[3mmsg[0m[2m=[0m"WM_COMMAND" [3mmsg[0m[2m=[0m"WM_COMMAND" [3mid[0m[2m=[0m1202 [3mid[0m[2m=[0m1202 [3mnotif[0m[2m=[0m768 [3mnotif[0m[2m=[0m768}: rust_switcher::win::commands: src\win\commands.rs:11: exit
2025-12-23T08:30:23.008694Z  INFO ThreadId(01) on_command: rust_switcher::win::commands: src\win\commands.rs:11: enter
2025-12-23T08:30:23.008727Z  INFO ThreadId(01) on_command{[3mmsg[0m[2m=[0m"WM_COMMAND" [3mmsg[0m[2m=[0m"WM_COMMAND" [3mid[0m[2m=[0m1203 [3mid[0m[2m=[0m1203 [3mnotif[0m[2m=[0m1024 [3mnotif[0m[2m=[0m1024}: rust_switcher::win::commands: src\win\commands.rs:11: exit
2025-12-23T08:30:23.008743Z  INFO ThreadId(01) on_command: rust_switcher::win::commands: src\win\commands.rs:11: enter
2025-12-23T08:30:23.008773Z  INFO ThreadId(01) on_command{[3mmsg[0m[2m=[0m"WM_COMMAND" [3mmsg[0m[2m=[0m"WM_COMMAND" [3mid[0m[2m=[0m1203 [3mid[0m[2m=[0m1203 [3mnotif[0m[2m=[0m768 [3mnotif[0m[2m=[0m768}: rust_switcher::win::commands: src\win\commands.rs:11: exit
2025-12-23T08:30:23.008871Z  INFO ThreadId(01) on_command: rust_switcher::win::commands: src\win\commands.rs:11: enter
2025-12-23T08:30:23.008917Z  INFO ThreadId(01) on_command{[3mmsg[0m[2m=[0m"WM_COMMAND" [3mmsg[0m[2m=[0m"WM_COMMAND" [3mid[0m[2m=[0m1204 [3mid[0m[2m=[0m1204 [3mnotif[0m[2m=[0m1024 [3mnotif[0m[2m=[0m1024}: rust_switcher::win::commands: src\win\commands.rs:11: exit
2025-12-23T08:30:23.008937Z  INFO ThreadId(01) on_command: rust_switcher::win::commands: src\win\commands.rs:11: enter
2025-12-23T08:30:23.008969Z  INFO ThreadId(01) on_command{[3mmsg[0m[2m=[0m"WM_COMMAND" [3mmsg[0m[2m=[0m"WM_COMMAND" [3mid[0m[2m=[0m1204 [3mid[0m[2m=[0m1204 [3mnotif[0m[2m=[0m768 [3mnotif[0m[2m=[0m768}: rust_switcher::win::commands: src\win\commands.rs:11: exit
2025-12-23T08:30:37.896166Z  INFO ThreadId(01) rust_switcher: src\main.rs:55: tracing initialized
2025-12-23T08:30:37.900489Z  INFO ThreadId(01) on_command: rust_switcher::win::commands: src\win\commands.rs:11: enter
2025-12-23T08:30:37.900551Z  INFO ThreadId(01) on_command{[3mmsg[0m[2m=[0m"WM_COMMAND" [3mmsg[0m[2m=[0m"WM_COMMAND" [3mid[0m[2m=[0m1003 [3mid[0m[2m=[0m1003 [3mnotif[0m[2m=[0m1024 [3mnotif[0m[2m=[0m1024}: rust_switcher::win::commands: src\win\commands.rs:11: exit
2025-12-23T08:30:37.900579Z  INFO ThreadId(01) on_command: rust_switcher::win::commands: src\win\commands.rs:11: enter
2025-12-23T08:30:37.900614Z  INFO ThreadId(01) on_command{[3mmsg[0m[2m=[0m"WM_COMMAND" [3mmsg[0m[2m=[0m"WM_COMMAND" [3mid[0m[2m=[0m1003 [3mid[0m[2m=[0m1003 [3mnotif[0m[2m=[0m768 [3mnotif[0m[2m=[0m768}: rust_switcher::win::commands: src\win\commands.rs:11: exit
2025-12-23T08:30:37.904767Z  INFO ThreadId(01) on_command: rust_switcher::win::commands: src\win\commands.rs:11: enter
2025-12-23T08:30:37.904813Z  INFO ThreadId(01) on_command{[3mmsg[0m[2m=[0m"WM_COMMAND" [3mmsg[0m[2m=[0m"WM_COMMAND" [3mid[0m[2m=[0m1003 [3mid[0m[2m=[0m1003 [3mnotif[0m[2m=[0m1024 [3mnotif[0m[2m=[0m1024}: rust_switcher::win::commands: src\win\commands.rs:11: exit
2025-12-23T08:30:37.904861Z  INFO ThreadId(01) on_command: rust_switcher::win::commands: src\win\commands.rs:11: enter
2025-12-23T08:30:37.904916Z  INFO ThreadId(01) on_command{[3mmsg[0m[2m=[0m"WM_COMMAND" [3mmsg[0m[2m=[0m"WM_COMMAND" [3mid[0m[2m=[0m1003 [3mid[0m[2m=[0m1003 [3mnotif[0m[2m=[0m768 [3mnotif[0m[2m=[0m768}: rust_switcher::win::commands: src\win\commands.rs:11: exit
2025-12-23T08:30:37.904985Z  INFO ThreadId(01) on_command: rust_switcher::win::commands: src\win\commands.rs:11: enter
2025-12-23T08:30:37.905021Z  INFO ThreadId(01) on_command{[3mmsg[0m[2m=[0m"WM_COMMAND" [3mmsg[0m[2m=[0m"WM_COMMAND" [3mid[0m[2m=[0m1201 [3mid[0m[2m=[0m1201 [3mnotif[0m[2m=[0m1024 [3mnotif[0m[2m=[0m1024}: rust_switcher::win::commands: src\win\commands.rs:11: exit
2025-12-23T08:30:37.905039Z  INFO ThreadId(01) on_command: rust_switcher::win::commands: src\win\commands.rs:11: enter
2025-12-23T08:30:37.905069Z  INFO ThreadId(01) on_command{[3mmsg[0m[2m=[0m"WM_COMMAND" [3mmsg[0m[2m=[0m"WM_COMMAND" [3mid[0m[2m=[0m1201 [3mid[0m[2m=[0m1201 [3mnotif[0m[2m=[0m768 [3mnotif[0m[2m=[0m768}: rust_switcher::win::commands: src\win\commands.rs:11: exit
2025-12-23T08:30:37.905248Z  INFO ThreadId(01) on_command: rust_switcher::win::commands: src\win\commands.rs:11: enter
2025-12-23T08:30:37.905335Z  INFO ThreadId(01) on_command{[3mmsg[0m[2m=[0m"WM_COMMAND" [3mmsg[0m[2m=[0m"WM_COMMAND" [3mid[0m[2m=[0m1202 [3mid[0m[2m=[0m1202 [3mnotif[0m[2m=[0m1024 [3mnotif[0m[2m=[0m1024}: rust_switcher::win::commands: src\win\commands.rs:11: exit
2025-12-23T08:30:37.905363Z  INFO ThreadId(01) on_command: rust_switcher::win::commands: src\win\commands.rs:11: enter
2025-12-23T08:30:37.905397Z  INFO ThreadId(01) on_command{[3mmsg[0m[2m=[0m"WM_COMMAND" [3mmsg[0m[2m=[0m"WM_COMMAND" [3mid[0m[2m=[0m1202 [3mid[0m[2m=[0m1202 [3mnotif[0m[2m=[0m768 [3mnotif[0m[2m=[0m768}: rust_switcher::win::commands: src\win\commands.rs:11: exit
2025-12-23T08:30:37.905542Z  INFO ThreadId(01) on_command: rust_switcher::win::commands: src\win\commands.rs:11: enter
2025-12-23T08:30:37.905585Z  INFO ThreadId(01) on_command{[3mmsg[0m[2m=[0m"WM_COMMAND" [3mmsg[0m[2m=[0m"WM_COMMAND" [3mid[0m[2m=[0m1203 [3mid[0m[2m=[0m1203 [3mnotif[0m[2m=[0m1024 [3mnotif[0m[2m=[0m1024}: rust_switcher::win::commands: src\win\commands.rs:11: exit
2025-12-23T08:30:37.905605Z  INFO ThreadId(01) on_command: rust_switcher::win::commands: src\win\commands.rs:11: enter
2025-12-23T08:30:37.905638Z  INFO ThreadId(01) on_command{[3mmsg[0m[2m=[0m"WM_COMMAND" [3mmsg[0m[2m=[0m"WM_COMMAND" [3mid[0m[2m=[0m1203 [3mid[0m[2m=[0m1203 [3mnotif[0m[2m=[0m768 [3mnotif[0m[2m=[0m768}: rust_switcher::win::commands: src\win\commands.rs:11: exit
2025-12-23T08:30:37.905750Z  INFO ThreadId(01) on_command: rust_switcher::win::commands: src\win\commands.rs:11: enter
2025-12-23T08:30:37.905796Z  INFO ThreadId(01) on_command{[3mmsg[0m[2m=[0m"WM_COMMAND" [3mmsg[0m[2m=[0m"WM_COMMAND" [3mid[0m[2m=[0m1204 [3mid[0m[2m=[0m1204 [3mnotif[0m[2m=[0m1024 [3mnotif[0m[2m=[0m1024}: rust_switcher::win::commands: src\win\commands.rs:11: exit
2025-12-23T08:30:37.905816Z  INFO ThreadId(01) on_command: rust_switcher::win::commands: src\win\commands.rs:11: enter
2025-12-23T08:30:37.905845Z  INFO ThreadId(01) on_command{[3mmsg[0m[2m=[0m"WM_COMMAND" [3mmsg[0m[2m=[0m"WM_COMMAND" [3mid[0m[2m=[0m1204 [3mid[0m[2m=[0m1204 [3mnotif[0m[2m=[0m768 [3mnotif[0m[2m=[0m768}: rust_switcher::win::commands: src\win\commands.rs:11: exit
